Extended IO Bus
HID Keyboard Device
Direct memory access controller
System board
Motherboard resources
Motherboard resources
Motherboard resources
Microsoft ACPI-Compliant Embedded Controller
Standard PS/2 Keyboard
Microsoft ACPI-Compliant Control Method Battery
Microsoft ACPI-Compliant Control Method Battery
Intel(R) 8 Series/C220 Series USB EHCI #1 - 8C26
Volume
Корневая очередь печати
ACPI Thermal Zone
Volume Manager
HID Keyboard Device
PCI Simple Communications Controller
Generic USB Hub
WAN Miniport (PPPOE)
PCI Express Root Complex
Microsoft Basic Display Driver
HP Wireless Button Driver
ACPI Sleep Button
HP HD Webcam
Famatech Radmin VPN Ethernet Adapter
Microsoft RRAS Root Enumerator
Microsoft Windows Management Interface for ACPI
Fax
Numeric data processor
WAN Miniport (PPTP)
Volume
Microsoft Hyper-V Virtualization Infrastructure Driver
High precision event timer
Volume
WAN Miniport (IKEv2)
Composite Bus Enumerator
Microsoft Virtual Drive Enumerator
Synaptics SMBus Driver
Microsoft AC Adapter
Microsoft Storage Spaces Controller
USB Root Hub
PCI standard host CPU bridge
HID-compliant system controller
Microsoft Kernel Debug Network Adapter
Generic volume shadow copy
Intel(R) 8 Series/C220 Series USB EHCI #2 - 8C2D
Intel(R) Centrino(R) Advanced-N 6235
Intel(R) Ethernet Connection I217-LM
hp DVDRAM GU90N
Legacy device
ACPI Lid
KINGSTON SA400S37480G
High Definition Audio Controller
Line 1 (Virtual Audio Cable)
HID-compliant wireless radio controls
ACPI Thermal Zone
UMBus Root Bus Enumerator
Charge Arbitration Driver
Line 1 (Virtual Audio Cable)
HID-compliant mouse
PCI-to-PCI Bridge
ACPI Thermal Zone
System timer
Microsoft Radio Device Enumeration Bus
Беспроводная сеть
Microsoft Device Association Root Enumerator
ACPI x64-based PC
Intel(R) QM87 LPC Controller - 8C4F
WAN Miniport (Network Monitor)
WAN Miniport (IP)
HID-compliant consumer control device
Intel(R) 8 Series/C220 Series PCI Express Root Port #5 - 8C18
Generic USB Hub
Microsoft Print to PDF
Synaptics SMBus TouchPad
USB Input Device
Microsoft Wi-Fi Direct Virtual Adapter
Microsoft Wi-Fi Direct Virtual Adapter #2
Microsoft ACPI-Compliant System
Microsoft Basic Render Driver
High Definition Audio Device
OneNote for Windows 10
WAN Miniport (SSTP)
Microphone (High Definition Audio Device)
ACPI Fixed Feature Button
Intel(R) HD Graphics 4600
USB Root Hub (USB 3.0)
USB Composite Device
Trusted Platform Module 1.2
Virtual Audio Cable
NVIDIA Quadro K1100M
Microsoft Windows Management Interface for ACPI
HID-compliant vendor-defined device
ACPI Thermal Zone
Intel(R) Core(TM) i7-4800MQ CPU @ 2.70GHz
Intel(R) Core(TM) i7-4800MQ CPU @ 2.70GHz
Intel(R) Core(TM) i7-4800MQ CPU @ 2.70GHz
Intel(R) Core(TM) i7-4800MQ CPU @ 2.70GHz
Intel(R) Core(TM) i7-4800MQ CPU @ 2.70GHz
Intel(R) Core(TM) i7-4800MQ CPU @ 2.70GHz
Intel(R) Core(TM) i7-4800MQ CPU @ 2.70GHz
Intel(R) Core(TM) i7-4800MQ CPU @ 2.70GHz
USB Composite Device
Generic PnP Monitor
USB Input Device
Программный синтезатор звуковой таблицы Microsoft
Microsoft XPS Document Writer
ACPI Thermal Zone
NDIS Virtual Network Adapter Enumerator
Intel(R) 8 Series/C220 Series PCI Express Root Port #8 - 8C1E
USB Root Hub
ACPI Thermal Zone
System CMOS/real time clock
Volume
ECP-порт принтера (LPT1)
Динамики (High Definition Audio Device)
Volume
Microsoft System Management BIOS Driver
Motherboard resources
Programmable interrupt controller
Intel(R) 8 Series/C220 Series PCI Express Root Port #1 - 8C10
USB Input Device
Printer Port Logical Interface
Intel(R) 8 Series/C220 Series PCI Express Root Port #7 - 8C1C
Plug and Play Software Device Enumerator
Intel(R) USB 3.0 eXtensible Host Controller - 1.0 (Microsoft)
Intel(R) 8 Series Chipset Family SATA AHCI Controller
PCI Serial Port
Remote Desktop Device Redirector Bus
WAN Miniport (IPv6)
HP Mobile Data Protection Sensor
WAN Miniport (L2TP)
