Ddddw || 2024-10-09 00:18:34
Ddddw || 2024-10-09 15:42:07
Ddddw || 2024-10-09 15:43:48
Ddddw || 2024-10-09 15:44:46
Ddddw || 2024-10-09 15:45:58
343rsd || 2024-10-11 12:07:56
/get_wifi_now post || 2024-10-12 11:32:09
/get_logs post || 2024-10-12 12:05:30
/get_wifi_now post || 2024-10-12 12:05:30
/get_wifi post || 2024-10-12 12:05:30
/network_now post || 2024-10-12 12:05:30
/get_logs post || 2024-10-12 12:05:32
/get_logs post || 2024-10-12 12:05:33
/get_logs post || 2024-10-12 12:05:33
/config_global post || 2024-10-12 12:05:33
/get_logs post || 2024-10-12 12:05:33
/get_logs post || 2024-10-12 12:05:35
/get_logs post || 2024-10-12 12:05:35
/get_logs post || 2024-10-12 12:05:35
/get_logs post || 2024-10-12 12:05:36
/get_logs post || 2024-10-12 12:05:36
/get_logs post || 2024-10-12 12:05:36
/get_logs post || 2024-10-12 12:05:36
/get_logs post || 2024-10-12 12:05:38
transition to /off_app || 2024-10-12 12:18:27
transition to /settings || 2024-10-12 12:19:19
/config_global post || 2024-10-12 12:19:19
/get_logs post || 2024-10-12 12:19:19
transition to /index || 2024-10-12 12:19:19
transition to /system || 2024-10-12 12:19:22
/get_logs post || 2024-10-12 12:19:22
transition to /index || 2024-10-12 12:19:22
